
=== Mon Jan  7 21:06:33 2019

Packages were changed.
Update Mode: updateDependencies

The following packages were added:
  com.unity.collab-proxy@1.2.15
  com.unity.timeline@0.0.0-builtin
  com.unity.xr.legacyinputhelpers@1.0.0
The following packages were updated:
  com.unity.package-manager-ui from version 1.9.11 to 0.0.0-builtin

=== Sat May  4 12:23:53 2019

Packages were changed.
Update Mode: updateDependencies

The following packages were updated:
  com.unity.collab-proxy from version 1.2.15 to 1.2.16
  com.unity.package-manager-ui from version 0.0.0-builtin to 2.1.2
  com.unity.timeline from version 0.0.0-builtin to 1.0.0
  com.unity.xr.legacyinputhelpers from version 1.0.0 to 2.0.2

=== Sun May 12 22:41:22 2019

Packages were changed.
Update Mode: updateDependencies

The following packages were added:
  com.unity.2d.tilemap@1.0.0
  com.unity.ext.nunit@1.0.0
  com.unity.test-framework@1.0.12
  com.unity.2d.sprite@1.0.0
  com.unity.ide.vscode@1.0.4
  com.unity.ide.visualstudio@1.0.5
  com.unity.ide.rider@1.0.4
  com.unity.ugui@1.0.0
  com.unity.modules.androidjni@1.0.0
The following packages were updated:
  com.unity.package-manager-ui from version 2.1.2 to 2.2.0

=== Thu Jan  9 15:56:38 2020

Packages were changed.
Update Mode: updateDependencies

The following packages were added:
  com.unity.2d.tilemap@1.0.0
  com.unity.analytics@3.3.2
  com.unity.purchasing@2.0.6
  com.unity.ads@2.0.8
  com.unity.collab-proxy@1.2.16
  com.unity.test-framework@1.1.3
  com.unity.timeline@1.2.6
  com.unity.ide.vscode@1.1.3
  com.unity.ide.rider@1.1.4
  com.unity.xr.legacyinputhelpers@1.3.8
  com.unity.multiplayer-hlapi@1.0.4
The following packages were updated:
  com.unity.textmeshpro from version 2.0.0 to 2.0.1
The following packages were removed:
  com.unity.package-manager-ui@2.2.0
